[{'tid': 0, 'sid': 1, 'output': 'make -C tools/testing/selftests TARGETS=tc-testing run_tests\nmake: Entering directory \'/nipa-data/kernel/tools/testing/selftests\'\nmake[1]: Entering directory \'/nipa-data/kernel/tools/testing/selftests/tc-testing\'\nmake[1]: Nothing to be done for \'all\'.\nmake[1]: Leaving directory \'/nipa-data/kernel/tools/testing/selftests/tc-testing\'\nmake[1]: Entering directory \'/nipa-data/kernel/tools/testing/selftests/tc-testing\'\nTAP version 13\n1..1\n# timeout set to 900\n# selftests: tc-testing: tdc.sh\n# netdevsim\n# act_bpf\n# Module act_connmark not found... skipping.\n# act_csum\n# Module act_ct not found... skipping.\n# Module act_ctinfo not found... skipping.\n# act_gact\n[    1.737293] GACT probability on\n# act_gate\n# act_mirred\n[    1.790129] Mirror/redirect action on\n# act_mpls\n# act_nat\n# act_pedit\n# act_police\n# act_sample\n# act_simple\n[    1.942794] Simple TC action Loaded\n# act_skbedit\n# act_skbmod\n# act_tunnel_key\n# act_vlan\n# cls_basic\n# cls_bpf\n# cls_cgroup\n# cls_flow\n# cls_flower\n# cls_fw\n# cls_matchall\n# cls_route\n# cls_u32\n[    2.273253] u32 classifier\n[    2.273584]     Performance counters on\n[    2.274015]     input device check on\n[    2.274425]     Actions configured\n# em_canid\n# em_cmp\n# Module em_ipset not found... skipping.\n# Module em_ipt not found... skipping.\n# em_meta\n# em_nbyte\n# em_text\n# em_u32\n# sch_cake\n# sch_cbs\n# sch_choke\n# sch_codel\n# sch_drr\n# sch_etf\n# sch_ets\n# sch_fq\n# sch_fq_codel\n# sch_fq_pie\n# sch_gred\n# sch_hfsc\n# sch_hhf\n# sch_htb\n# sch_teql\n# considering category actions\n#  -- scapy/SubPlugin.__init__\n#  -- ns/SubPlugin.__init__\n# Executing 520 tests in parallel and 15 in serial\n# Using 18 batches and 4 workers\n[    4.137275] tc (573) used greatest stack depth: 11448 bytes left\n[    4.239074] tc[605]: segfault at b79b4f75 ip 00007f06c7352a6d sp 00007ffdb79a7b98 error 4 in ld-musl-x86_64.so.1[7f06c730e000+54000] likely on CPU 22 (core 22, socket 0)\n[    4.241466] Code: fa 75 e6 48 83 c0 01 c3 31 c0 c3 48 89 f9 40 0f b6 f6 eb 08 48 83 c1 01 48 83 ea 01 f6 c1 07 74 12 48 85 d2 0f 84 ac 00 00 00 <0f> b6 01 39 f0 75 e3 eb 09 48 85 d2 0f 84 9a 00 00 00 0f b6 01 39\n# \n# -----> teardown stage *** Could not execute: "$TC action flush action ctinfo"\n# \n# -----> teardown stage *** Error message: "Error: Cannot flush unknown TC action.\n# We have an error flushing\n# "\n# \n# -----> teardown stage *** Aborting test run.\n# \n# \n# <_io.BufferedReader name=6> *** stdout ***\n# \n# \n# <_io.BufferedReader name=15> *** stderr ***\n#   File "/nipa-data/kernel/tools/testing/selftests/tc-testing/./tdc.py", line 536, in test_runner\n#     res = run_one_test(pm, args, index, tidx)\n#           ^^^^^^^^^^^^^^^^^^^^^^^^^^^^^^^^^^^\n#   File "/nipa-data/kernel/tools/testing/selftests/tc-testing/./tdc.py", line 465, in run_one_test\n#     prepare_env(tidx, args, pm, \'teardown\', \'-----> teardown stage\', tidx[\'teardown\'], procout)\n#   File "/nipa-data/kernel/tools/testing/selftests/tc-testing/./tdc.py", line 268, in prepare_env\n#     raise PluginMgrTestFail(\n[    5.238945] tc (959) used greatest stack depth: 11176 bytes left\n# \n# -----> teardown stage *** Could not execute: "$TC actions flush action connmark"\n# \n# -----> teardown stage *** Error message: "Error: Cannot flush unknown TC action.\n# We have an error flushing\n# "\n# \n# -----> teardown stage *** Aborting test run.\n# \n# \n# <_io.BufferedReader name=6> *** stdout ***\n# \n# \n# <_io.BufferedReader name=21> *** stderr ***\n#   File "/nipa-data/kernel/tools/testing/selftests/tc-testing/./tdc.py", line 536, in test_runner\n#     res = run_one_test(pm, args, index, tidx)\n#           ^^^^^^^^^^^^^^^^^^^^^^^^^^^^^^^^^^^\n#   File "/nipa-data/kernel/tools/testing/selftests/tc-testing/./tdc.py", line 465, in run_one_test\n#     prepare_env(tidx, args, pm, \'teardown\', \'-----> teardown stage\', tidx[\'teardown\'], procout)\n#   File "/nipa-data/kernel/tools/testing/selftests/tc-testing/./tdc.py", line 268, in prepare_env\n#     raise PluginMgrTestFail(\n# Test 2893: Add pedit action with RAW_OP offset u8 quad\n# Test 6795: Add pedit action with LAYERED_OP ip6 set payload_len, nexthdr, hoplimit\n# Test cfcc: Add pedit action with LAYERED_OP tcp flags set\n# Test d959: Add cBPF action with valid bytecode\n# Test f84a: Add cBPF action with invalid bytecode\n# Test e939: Add eBPF action with valid object-file\n# exit: -11\n# exit: 0\n# \n# Test 282d: Add eBPF action with invalid object-file\n# Test d819: Replace cBPF bytecode and action control\n# Test 6ae3: Delete cBPF action \n# Test 3e0d: List cBPF actions\n# Test 55ce: Flush BPF actions\n# Test ccc3: Add cBPF action with duplicate index\n# Test 89c7: Add cBPF action with invalid index\n# Test 7ab9: Add cBPF action with cookie\n# Test b8a1: Replace bpf action with invalid goto_chain control\n# Test c826: Add ctinfo action with default setting\n# exit: 255\n# exit: 0\n# Error: Failed to load TC action module.\n# We have an error talking to the kernel\n# \n# returncode 1; expected [0]\n# "-----> teardown stage" did not complete successfully\n# Exception <class \'__main__.PluginMgrTestFail\'> (\'teardown\', \'Error: Failed to load TC action module.\\nWe have an error talking to the kernel\\n\', \'"-----> teardown stage" did not complete successfully\') (caught in test_runner, running test 2 c826 Add ctinfo action with default setting stage teardown)\n# ---------------\n# traceback\n# ---------------\n# accumulated output for this test:\n# Error: Failed to load TC action module.\n# We have an error talking to the kernel\n# \n# ---------------\n# Test c8cf: Add skbedit action with 32-bit maximum mark\n# exception (34, \'Result not representable\') in call to pre_case for <class \'plugin-lib.nsPlugin.SubPlugin\'> plugin\n# Test 22be: Add action with index at 32-bit maximum\n# exception (34, \'Result not representable\') in call to pre_case for <class \'plugin-lib.nsPlugin.SubPlugin\'> plugin\n# Test a0e2: Replace ife encode action with invalid goto chain control\n# exception (34, \'Result not representable\') in call to pre_case for <class \'plugin-lib.nsPlugin.SubPlugin\'> plugin\n# Test 3f66: Add mirred mirror action with index exceeding 32-bit maximum\n# exception (34, \'Result not representable\') in call to pre_case for <class \'plugin-lib.nsPlugin.SubPlugin\'> plugin\n# Test a68a: Verify cleanup of failed actions batch change\n# exception (34, \'Result not representable\') in call to pre_case for <class \'plugin-lib.nsPlugin.SubPlugin\'> plugin\n# Test b80f: Add mpls mod action with mpls max ttl\n# Test 8864: Add mpls mod action with mpls min ttl\n# Test 6c06: Add mpls mod action with mpls ttl of 0 (invalid)\n# Test b5d8: Add mpls mod action with mpls ttl exceeding max (invalid)\n# Test 451f: Add mpls mod action with mpls max bos\n# Test a1ed: Add mpls mod action with mpls min bos\n# Test 3dcf: Add mpls mod action with mpls bos exceeding max (invalid)\n# Test db7c: Add mpls mod action with protocol (invalid)\n# Test b070: Replace existing mpls push action with new ID\n# Test 95a9: Replace existing mpls push action with new label, tc, ttl and cookie\n# Test 6cce: Delete mpls pop action\n# Test d138: Flush mpls actions\n# Test 6f5a: Add vlan pop action with pipe opcode\n# Test df35: Add vlan pop action with pass opcode\n# Test b0d4: Add vlan pop action with drop opcode\n# Test 95ee: Add vlan pop action with reclassify opcode\n# Test 0283: Add vlan pop action with continue opcode\n# Test b6b9: Add vlan pop action with jump opcode\n# Test 87c3: Add vlan pop action with trap opcode\n# Test a178: Add vlan pop action with invalid opcode\n# Test ee6f: Add vlan pop action with index at 32-bit maximum\n# Test 0dfa: Add vlan pop action with index exceeding 32-bit maximum\n# Test 2b91: Add vlan invalid action\n# Test 57fc: Add vlan push action with invalid protocol type\n# Test 3989: Add vlan push action with default protocol and priority\n# Test 79dc: Add vlan push action with protocol 802.1Q and priority 3\n# Test 4d73: Add vlan push action with protocol 802.1AD\n# Test 1f4b: Add vlan push action with maximum 12-bit vlan ID\n# Test 1f7b: Add vlan push action with invalid vlan ID\n# Test fe40: Add vlan push action with maximum 3-bit IEEE 802.1p priority\n# Test 5d02: Add vlan push action with invalid IEEE 802.1p priority\n# Test ba5b: Add vlan modify action for protocol 802.1Q setting priority 0\n# Test 6812: Add vlan modify action for protocol 802.1Q\n# Test 5a31: Add vlan modify action for protocol 802.1AD\n# Test 3deb: Replace existing vlan push action with new ID\n# Test 9e76: Replace existing vlan push action with new protocol\n# Test ede4: Replace existing vlan push action with new priority\n# Test d413: Replace existing vlan pop action with new cookie\n# Test 83a4: Delete vlan pop action\n# Test ed1e: Delete vlan push action for protocol 802.1Q\n# Test a2a3: Flush vlan actions\n# Test 1d78: Add vlan push action with cookie\n# Test e394: Replace vlan push action with invalid goto chain control\n# Test 294e: Add batch of 32 vlan push actions with cookie\n# Test 56f7: Delete batch of 32 vlan push actions\n# Test 759f: Add batch of 32 vlan pop actions with cookie\n# Test c84a: Delete batch of 32 vlan pop actions\n# Test 1a3d: Add vlan pop action with no_percpu flag\n# Test 2002: Add valid connmark action with defaults\n# exit: 255\n# exit: 0\n# Error: Failed to load TC action module.\n# We have an error talking to the kernel\n# \n# returncode 1; expected [0]\n# "-----> teardown stage" did not complete successfully\n# Exception <class \'__main__.PluginMgrTestFail\'> (\'teardown\', \'Error: Failed to load TC action module.\\nWe have an error talking to the kernel\\n\', \'"-----> teardown stage" did not complete successfully\') (caught in test_runner, running test 18 2002 Add valid connmark action with defaults stage teardown)\n# ---------------\n# traceback\n# ---------------\n# accumulated output for this test:\n# Error: Failed to load TC action module.\n# We have an error talking to the kernel\n# \n# ---------------\n# Test 6d84: Add csum iph action\n# Test 1862: Add csum ip4h action\n# Test 15c6: Add csum ipv4h action\n# Test bf47: Add csum icmp action\n# Test cc1d: Add csum igmp action\n# Test bccc: Add csum foobar action\n# Test 3bb4: Add csum tcp action\n# Test 759c: Add csum udp action\n# Test bdb6: Add csum udp xor iph action\n# Test c220: Add csum udplite action\n# Test 8993: Add csum sctp action\n# Test b138: Add csum ip & icmp action\n# Test eeda: Add csum ip & sctp action\n# Test 0017: Add csum udp or tcp action\n# Test b10b: Add all 7 csum actions\n# Test ce92: Add csum udp action with cookie\n# Test 912f: Add csum icmp action with large cookie\n# Test 879b: Add batch of 32 csum tcp actions\n# Test b4e9: Delete batch of 32 csum actions\n# Test 0015: Add batch of 32 csum tcp actions with large cookies\n# Test 989e: Delete batch of 32 csum actions with large cookies\n# Test d128: Replace csum action with invalid goto chain control\n# Test eaf0: Add csum iph action with no_percpu flag\n# Test a933: Add MPLS dec_ttl action with pipe opcode\n# Test 08d1: Add mpls dec_ttl action with pass opcode\n# Test d786: Add mpls dec_ttl action with drop opcode\n# Test f334: Add mpls dec_ttl action with reclassify opcode\n# Test 29bd: Add mpls dec_ttl action with continue opcode\n# Test 48df: Add mpls dec_ttl action with jump opcode\n# Test 62eb: Add mpls dec_ttl action with trap opcode\n# Test 09d2: Add mpls dec_ttl action with opcode and cookie\n# Test c170: Add mpls dec_ttl action with opcode and cookie of max length\n# Test 9118: Add mpls dec_ttl action with invalid opcode\n# Test 6ce1: Add mpls dec_ttl action with label (invalid)\n# Test 352f: Add mpls dec_ttl action with tc (invalid)\n# Test fa1c: Add mpls dec_ttl action with ttl (invalid)\n# Test 6b79: Add mpls dec_ttl action with bos (invalid)\n# Test d4c4: Add mpls pop action with ip proto\n# Test 91fb: Add mpls pop action with ip proto and cookie\n# Test 92fe: Add mpls pop action with mpls proto\n# Test 7e23: Add mpls pop action with no protocol (invalid)\n# Test 6182: Add mpls pop action with label (invalid)\n# Test 6475: Add mpls pop action with tc (invalid)\n# Test 067b: Add mpls pop action with ttl (invalid)\n# Test 7316: Add mpls pop action with bos (invalid)\n# Test 38cc: Add mpls push action with label\n# Test c281: Add mpls push action with mpls_mc protocol\n# Test 5db4: Add mpls push action with label, tc and ttl\n# Test 7c34: Add mpls push action with label, tc ttl and cookie of max length\n# Test 16eb: Add mpls push action with label and bos\n# Test d69d: Add mpls push action with no label (invalid)\n# Test e8e4: Add mpls push action with ipv4 protocol (invalid)\n# Test ecd0: Add mpls push action with out of range label (invalid)\n# Test d303: Add mpls push action with out of range tc (invalid)\n# Test fd6e: Add mpls push action with ttl of 0 (invalid)\n# Test 19e9: Add mpls mod action with mpls label\n# Test 1fde: Add mpls mod action with max mpls label\n# Test 0c50: Add mpls mod action with mpls label exceeding max (invalid)\n# Test 10b6: Add mpls mod action with mpls label of MPLS_LABEL_IMPLNULL (invalid)\n# Test 57c9: Add mpls mod action with mpls min tc\n# Test 6872: Add mpls mod action with mpls max tc\n# Test a70a: Add mpls mod action with mpls tc exceeding max (invalid)\n# Test 6ed5: Add mpls mod action with mpls ttl\n# Test 77c1: Add mpls mod action with mpls ttl and cookie\n# Test 99e0: Add pedit action with RAW_OP offset u16 preserve value\n# Test 1892: Add pedit action with RAW_OP offset u32 preserve value\n# Test 4b60: Add pedit action with RAW_OP negative offset u16/u32 set value\n# Test a5a7: Add pedit action with LAYERED_OP eth set src\n# Test 86d4: Add pedit action with LAYERED_OP eth set src & dst\n# Test f8a9: Add pedit action with LAYERED_OP eth set dst\n# Test c715: Add pedit action with LAYERED_OP eth set src (INVALID)\n# Test 8131: Add pedit action with LAYERED_OP eth set dst (INVALID)\n# Test ba22: Add pedit action with LAYERED_OP eth type set/clear sequence\n# Test dec4: Add pedit action with LAYERED_OP eth set type (INVALID)\n# Test ab06: Add pedit action with LAYERED_OP eth add type\n# Test 918d: Add pedit action with LAYERED_OP eth invert src\n# Test a8d4: Add pedit action with LAYERED_OP eth invert dst\n# Test ee13: Add pedit action with LAYERED_OP eth invert type\n# Test 7588: Add pedit action with LAYERED_OP ip set src\n# Test 0fa7: Add pedit action with LAYERED_OP ip set dst\n# Test 5810: Add pedit action with LAYERED_OP ip set src & dst\n# Test 1092: Add pedit action with LAYERED_OP ip set ihl & dsfield\n# Test 02d8: Add pedit action with LAYERED_OP ip set ttl & protocol\n# Test 3e2d: Add pedit action with LAYERED_OP ip set ttl (INVALID)\n# Test 31ae: Add pedit action with LAYERED_OP ip ttl clear/set\n# Test 486f: Add pedit action with LAYERED_OP ip set duplicate fields\n# Test e790: Add pedit action with LAYERED_OP ip set ce, df, mf, firstfrag, nofrag fields\n# Test cc8a: Add pedit action with LAYERED_OP ip set tos\n# Test 7a17: Add pedit action with LAYERED_OP ip set precedence\n# Test c3b6: Add pedit action with LAYERED_OP ip add tos\n# Test 43d3: Add pedit action with LAYERED_OP ip add precedence\n# Test 438e: Add pedit action with LAYERED_OP ip clear tos\n# Test 6b1b: Add pedit action with LAYERED_OP ip clear precedence\n# Test 824a: Add pedit action with LAYERED_OP ip invert tos\n# Test 106f: Add pedit action with LAYERED_OP ip invert precedence\n# Test 6829: Add pedit action with LAYERED_OP beyond ip set dport & sport\n# Test afd8: Add pedit action with LAYERED_OP beyond ip set icmp_type & icmp_code\n# Test 3143: Add pedit action with LAYERED_OP beyond ip set dport (INVALID)\n# Test 815c: Add pedit action with LAYERED_OP ip6 set src\n# Test 4dae: Add pedit action with LAYERED_OP ip6 set dst\n# Test fc1f: Add pedit action with LAYERED_OP ip6 set src & dst\n# Test 6d34: Add pedit action with LAYERED_OP ip6 dst retain value (INVALID)\n# Test 94bb: Add pedit action with LAYERED_OP ip6 traffic_class\n# Test 6f5e: Add pedit action with LAYERED_OP ip6 flow_lbl\n# Test 1442: Add pedit action with LAYERED_OP tcp set dport & sport\n# Test b7ac: Add pedit action with LAYERED_OP tcp sport set (INVALID)\n# Test 3bc4: Add pedit action with LAYERED_OP tcp set dport, sport & flags fields\n# Test f1c8: Add pedit action with LAYERED_OP udp set dport & sport\n# Test d784: Add pedit action with mixed RAW/LAYERED_OP #1\n# Test 70ca: Add pedit action with mixed RAW/LAYERED_OP #2\n# Test 7d50: Add skbmod action to set destination mac\n# Test 9b29: Add skbmod action to set source mac\n# Test 1724: Add skbmod action with invalid mac\n# Test 3cf1: Add skbmod action with valid etype\n# Test a749: Add skbmod action with invalid etype\n# Test bfe6: Add skbmod action to swap mac\n# Test 839b: Add skbmod action with control pipe\n# Test c167: Add skbmod action with control reclassify\n# Test 0c2f: Add skbmod action with control drop\n# Test d113: Add skbmod action with control continue\n# Test 7242: Add skbmod action with control pass\n# Test 6046: Add skbmod action with control reclassify and cookie\n# Test 58cb: List skbmod actions\n# Test 9aa8: Get a single skbmod action from a list\n# Test e93a: Delete an skbmod action\n# Test 40c2: Flush skbmod actions\n# Test b651: Replace skbmod action with invalid goto_chain control\n# Test fe09: Add skbmod action to mark ECN bits\n# multiprocessing.pool.RemoteTraceback: \n# """\n# Traceback (most recent call last):\n#   File "/nipa-data/kernel/tools/testing/selftests/tc-testing/./tdc.py", line 142, in call_pre_case\n#     pgn_inst.pre_case(caseinfo, test_skip)\n#   File "/nipa-data/kernel/tools/testing/selftests/tc-testing/plugin-lib/nsPlugin.py", line 63, in pre_case\n#     self.prepare_test(test)\n#   File "/nipa-data/kernel/tools/testing/selftests/tc-testing/plugin-lib/nsPlugin.py", line 36, in prepare_test\n#     self._nl_ns_create()\n#   File "/nipa-data/kernel/tools/testing/selftests/tc-testing/plugin-lib/nsPlugin.py", line 130, in _nl_ns_create\n#     ip.link(\'add\', ifname=dev1, kind=\'veth\', peer={\'ifname\': dev0, \'net_ns_fd\':\'/proc/1/ns/net\'})\n#   File "/usr/lib/python3.11/site-packages/pyroute2/iproute/linux.py", line 1672, in link\n#     ret = self.nlm_request(msg, msg_type=msg_type, msg_flags=msg_flags)\n#           ^^^^^^^^^^^^^^^^^^^^^^^^^^^^^^^^^^^^^^^^^^^^^^^^^^^^^^^^^^^^^\n#   File "/usr/lib/python3.11/site-packages/pyroute2/netlink/nlsocket.py", line 870, in nlm_request\n#     return tuple(self._genlm_request(*argv, **kwarg))\n#            ^^^^^^^^^^^^^^^^^^^^^^^^^^^^^^^^^^^^^^^^^^\n#   File "/usr/lib/python3.11/site-packages/pyroute2/netlink/nlsocket.py", line 1214, in nlm_request\n#     for msg in self.get(\n#                ^^^^^^^^^\n#   File "/usr/lib/python3.11/site-packages/pyroute2/netlink/nlsocket.py", line 873, in get\n#     return tuple(self._genlm_get(*argv, **kwarg))\n#            ^^^^^^^^^^^^^^^^^^^^^^^^^^^^^^^^^^^^^^\n#   File "/usr/lib/python3.11/site-packages/pyroute2/netlink/nlsocket.py", line 550, in get\n#     raise msg[\'header\'][\'error\']\n# pyroute2.netlink.exceptions.NetlinkError: (34, \'Result not representable\')\n# \n# During handling of the above exception, another exception occurred:\n# \n# Traceback (most recent call last):\n#   File "/usr/lib/python3.11/multiprocessing/pool.py", line 125, in worker\n#     result = (True, func(*args, **kwds))\n#                     ^^^^^^^^^^^^^^^^^^^\n#   File "/usr/lib/python3.11/multiprocessing/pool.py", line 48, in mapstar\n#     return list(map(*args))\n#            ^^^^^^^^^^^^^^^^\n#   File "/nipa-data/kernel/tools/testing/selftests/tc-testing/./tdc.py", line 602, in __mp_runner\n#     (_, tsr) = test_runner(mp_pm, mp_args, tests)\n#                ^^^^^^^^^^^^^^^^^^^^^^^^^^^^^^^^^^\n#   File "/nipa-data/kernel/tools/testing/selftests/tc-testing/./tdc.py", line 536, in test_runner\n#     res = run_one_test(pm, args, index, tidx)\n#           ^^^^^^^^^^^^^^^^^^^^^^^^^^^^^^^^^^^\n#   File "/nipa-data/kernel/tools/testing/selftests/tc-testing/./tdc.py", line 419, in run_one_test\n#     pm.call_pre_case(tidx)\n#   File "/nipa-data/kernel/tools/testing/selftests/tc-testing/./tdc.py", line 146, in call_pre_case\n#     print(\'test_ordinal is {}\'.format(test_ordinal))\n#                                       ^^^^^^^^^^^^\n# NameError: name \'test_ordinal\' is not defined\n# """\n# \n# The above exception was the direct cause of the following exception:\n# \n# Traceback (most recent call last):\n#   File "/nipa-data/kernel/tools/testing/selftests/tc-testing/./tdc.py", line 1028, in <module>\n#     main()\n#   File "/nipa-data/kernel/tools/testing/selftests/tc-testing/./tdc.py", line 1022, in main\n#     set_operation_mode(pm, parser, args, remaining)\n#   File "/nipa-data/kernel/tools/testing/selftests/tc-testing/./tdc.py", line 964, in set_operation_mode\n#     catresults = test_runner_mp(pm, args, alltests)\n#                  ^^^^^^^^^^^^^^^^^^^^^^^^^^^^^^^^^^\n#   File "/nipa-data/kernel/tools/testing/selftests/tc-testing/./tdc.py", line 624, in test_runner_mp\n#     pres = p.map(__mp_runner, batches)\n#            ^^^^^^^^^^^^^^^^^^^^^^^^^^^\n#   File "/usr/lib/python3.11/multiprocessing/pool.py", line 367, in map\n#     return self._map_async(func, iterable, mapstar, chunksize).get()\n#            ^^^^^^^^^^^^^^^^^^^^^^^^^^^^^^^^^^^^^^^^^^^^^^^^^^^^^^^^^\n#   File "/usr/lib/python3.11/multiprocessing/pool.py", line 774, in get\n#     raise self._value\n# NameError: name \'test_ordinal\' is not defined\n# considering category qdisc\n#  -- scapy/SubPlugin.__init__\n#  -- ns/SubPlugin.__init__\n# Executing 294 tests in parallel and 33 in serial\n# Using 11 batches and 4 workers\n[    9.450627] netem: version 1.3\n[    9.625919] sch_tbf: burst 1500 is lower than device dummy1id6430 mtu (1514) !\n[    9.680304] sch_tbf: burst 1500 is lower than device dummy1id0518 mtu (1514) !\n[    9.739091] sch_tbf: burst 1500 is lower than device dummy1id320a mtu (1514) !\n[    9.797524] sch_tbf: burst 1500 is lower than device dummy1id239b mtu (1514) !\n[    9.860466] sch_tbf: burst 1500 is lower than device dummy1idc975 mtu (1514) !\n[    9.921550] sch_tbf: burst 1500 is lower than device dummy1id948c mtu (1514) !\n[    9.984595] sch_tbf: burst 1500 is lower than device dummy1id3549 mtu (1514) !\n[    9.998705] sch_tbf: burst 1500 is lower than device dummy1id3549 mtu (1514) !\n[   10.061223] sch_tbf: burst 1500 is lower than device dummy1idf948 mtu (1514) !\n[   10.074953] sch_tbf: burst 1500 is lower than device dummy1idf948 mtu (1514) !\n[   10.399815] tc[1894]: segfault at 0 ip 00007f02702f8ce3 sp 00007ffe6490bf00 error 4 in ld-musl-x86_64.so.1[7f02702b9000+54000] likely on CPU 21 (core 21, socket 0)\n[   10.401769] Code: 89 eb 48 85 c0 74 05 f6 00 20 74 32 85 ed 74 54 49 89 df b8 ff ff ff 7f 44 29 f0 44 39 d8 0f 8c 8a 08 00 00 41 b8 ff ff ff 7f <41> 0f b6 07 45 01 de 84 c0 0f 84 96 0b 00 00 4c 89 fd eb 85 48 63\n[   11.021934] tc[2067]: segfault at 0 ip 00007f19686fbce3 sp 00007ffc9e7c7930 error 4 in ld-musl-x86_64.so.1[7f19686bc000+54000] likely on CPU 13 (core 13, socket 0)\n[   11.024510] Code: 89 eb 48 85 c0 74 05 f6 00 20 74 32 85 ed 74 54 49 89 df b8 ff ff ff 7f 44 29 f0 44 39 d8 0f 8c 8a 08 00 00 41 b8 ff ff ff 7f <41> 0f b6 07 45 01 de 84 c0 0f 84 96 0b 00 00 4c 89 fd eb 85 48 63\n[   11.085086] tc[2084]: segfault at 0 ip 00007fb92fc94ce3 sp 00007ffea1b9eba0 error 4 in ld-musl-x86_64.so.1[7fb92fc55000+54000] likely on CPU 19 (core 19, socket 0)\n[   11.087304] Code: 89 eb 48 85 c0 74 05 f6 00 20 74 32 85 ed 74 54 49 89 df b8 ff ff ff 7f 44 29 f0 44 39 d8 0f 8c 8a 08 00 00 41 b8 ff ff ff 7f <41> 0f b6 07 45 01 de 84 c0 0f 84 96 0b 00 00 4c 89 fd eb 85 48 63\n[   11.144211] tc[2098]: segfault at 0 ip 00007f4d48609ce3 sp 00007ffc9c7107c0 error 4 in ld-musl-x86_64.so.1[7f4d485ca000+54000] likely on CPU 14 (core 14, socket 0)\n[   11.146464] Code: 89 eb 48 85 c0 74 05 f6 00 20 74 32 85 ed 74 54 49 89 df b8 ff ff ff 7f 44 29 f0 44 39 d8 0f 8c 8a 08 00 00 41 b8 ff ff ff 7f <41> 0f b6 07 45 01 de 84 c0 0f 84 96 0b 00 00 4c 89 fd eb 85 48 63\n[   11.203798] tc[2116]: segfault at 0 ip 00007f8159639ce3 sp 00007fffe01eb0e0 error 4 in ld-musl-x86_64.so.1[7f81595fa000+54000] likely on CPU 13 (core 13, socket 0)\n[   11.206344] Code: 89 eb 48 85 c0 74 05 f6 00 20 74 32 85 ed 74 54 49 89 df b8 ff ff ff 7f 44 29 f0 44 39 d8 0f 8c 8a 08 00 00 41 b8 ff ff ff 7f <41> 0f b6 07 45 01 de 84 c0 0f 84 96 0b 00 00 4c 89 fd eb 85 48 63\n[   11.262647] tc[2129]: segfault at 0 ip 00007fdb3cbd0ce3 sp 00007fff2d49fd80 error 4 in ld-musl-x86_64.so.1[7fdb3cb91000+54000] likely on CPU 15 (core 15, socket 0)\n[   11.264698] Code: 89 eb 48 85 c0 74 05 f6 00 20 74 32 85 ed 74 54 49 89 df b8 ff ff ff 7f 44 29 f0 44 39 d8 0f 8c 8a 08 00 00 41 b8 ff ff ff 7f <41> 0f b6 07 45 01 de 84 c0 0f 84 96 0b 00 00 4c 89 fd eb 85 48 63\n[   11.306669] tc[2144]: segfault at 0 ip 00007f86bd4bfce3 sp 00007ffea4e303a0 error 4 in ld-musl-x86_64.so.1[7f86bd480000+54000] likely on CPU 25 (core 25, socket 0)\n[   11.308491] Code: 89 eb 48 85 c0 74 05 f6 00 20 74 32 85 ed 74 54 49 89 df b8 ff ff ff 7f 44 29 f0 44 39 d8 0f 8c 8a 08 00 00 41 b8 ff ff ff 7f <41> 0f b6 07 45 01 de 84 c0 0f 84 96 0b 00 00 4c 89 fd eb 85 48 63\n[   11.323422] tc[2147]: segfault at 0 ip 00007f53d4524ce3 sp 00007ffee1f92d40 error 4 in ld-musl-x86_64.so.1[7f53d44e5000+54000] likely on CPU 17 (core 17, socket 0)\n[   11.325275] Code: 89 eb 48 85 c0 74 05 f6 00 20 74 32 85 ed 74 54 49 89 df b8 ff ff ff 7f 44 29 f0 44 39 d8 0f 8c 8a 08 00 00 41 b8 ff ff ff 7f <41> 0f b6 07 45 01 de 84 c0 0f 84 96 0b 00 00 4c 89 fd eb 85 48 63\n# \n# -----> teardown stage *** Could not execute: "$TC qdisc del dev $DUMMY handle 1: root"\n# \n# -----> teardown stage *** Error message: "Error: Invalid handle.\n# "\n# \n# -----> teardown stage *** Aborting test run.\n# \n# \n# <_io.BufferedReader name=6> *** stdout ***\n# \n# \n# <_io.BufferedReader name=17> *** stderr ***\n#   File "/nipa-data/kernel/tools/testing/selftests/tc-testing/./tdc.py", line 536, in test_runner\n#     res = run_one_test(pm, args, index, tidx)\n#           ^^^^^^^^^^^^^^^^^^^^^^^^^^^^^^^^^^^\n#   File "/nipa-data/kernel/tools/testing/selftests/tc-testing/./tdc.py", line 465, in run_one_test\n#     prepare_env(tidx, args, pm, \'teardown\', \'-----> teardown stage\', tidx[\'teardown\'], procout)\n#   File "/nipa-data/kernel/tools/testing/selftests/tc-testing/./tdc.py", line 268, in prepare_env\n#     raise PluginMgrTestFail(\n# Test 8436: Show HFSC class\n# Test bef4: HFSC rt inner class upgrade to sc\n# Test 83be: Create FQ-PIE with invalid number of flows\n# Test 6430: Create TBF with default setting\n# Test 0518: Create TBF with mtu setting\n# Test 320a: Create TBF with peakrate setting\n# Test 239b: Create TBF with latency setting\n# Test c975: Create TBF with overhead setting\n# Test 948c: Create TBF with linklayer setting\n# Test 3549: Replace TBF with mtu\n# Test f948: Change TBF with latency time\n# Test 2348: Show TBF class\n# Test 4812: Create HHF with default setting\n# Test 8a92: Create HHF with limit setting\n# Test 3491: Create HHF with quantum setting\n# Test ba04: Create HHF with reset_timeout setting\n# Test 4238: Create HHF with admit_bytes setting\n# Test 839f: Create HHF with evict_timeout setting\n# Test a044: Create HHF with non_hh_weight setting\n# Test 32f9: Change HHF with limit setting\n# Test 385e: Show HHF class\n# Test 900c: Create pfifo_fast with default setting\n# Test 7470: Dump pfifo_fast stats\n# Test b974: Replace pfifo_fast with different handle\n# Test 3240: Delete pfifo_fast with valid handle\n# Test 4385: Delete pfifo_fast with invalid handle\n# Test 8b6e: Create RED with no flags\n# Test 342e: Create RED with adaptive flag\n# Test 2d4b: Create RED with ECN flag\n# Test 650f: Create RED with flags ECN, adaptive\n# Test 5f15: Create RED with flags ECN, harddrop\n# Test 53e8: Create RED with flags ECN, nodrop\n# Test f7c8: Add ETS qdisc with too many quanta\n# Test 2389: Add ETS qdisc with too many strict\n# Test fe3c: Add ETS qdisc with too many strict + quanta\n# Test cb04: Add ETS qdisc with excess priomap elements\n# Test c32e: Add ETS qdisc with priomap above bands\n# Test 744c: Add ETS qdisc with priomap above quanta\n# Test 7b33: Add ETS qdisc with priomap above strict\n# Test dbe6: Add ETS qdisc with priomap above strict + quanta\n# Test bdb2: Add ETS qdisc with priomap within bands with strict + quanta\n# Test 39a3: Add ETS qdisc with priomap above bands with strict + quanta\n# Test 557c: Unset priorities default to the last band\n# Test a347: Unset priorities default to the last band -- no priomap\n# Test 39c4: Add ETS qdisc with too few bands\n# Test 930b: Add ETS qdisc with too many bands\n# Test 406a: Add ETS qdisc without parameters\n# Test e51a: Zero element in quanta\n# Test e7f2: Sole zero element in quanta\n# Test d6e6: No values after the quanta keyword\n# Test 28c6: Change ETS band quantum\n# Test 4714: Change ETS band without quantum\n# Test 6979: Change quantum of a strict ETS band\n# Test 9a7d: Change ETS strict band without quantum\n# Test 0582: Create QFQ with default setting\n# Test c9a3: Create QFQ with class weight setting\n# Test d364: Test QFQ with max class weight setting\n# Test 8452: Create QFQ with class maxpkt setting\n# Test 22df: Test QFQ class maxpkt setting lower bound\n# Test 92ee: Test QFQ class maxpkt setting upper bound\n# Test d920: Create QFQ with multiple class setting\n# Test 0548: Delete QFQ with handle\n# Test 5901: Show QFQ class\n# Test 85ee: QFQ with big MTU\n# Test cb28: Create NETEM with default setting\n# Test a089: Create NETEM with limit flag\n# Test 3449: Create NETEM with delay time\n# Test 3782: Create NETEM with distribution and corrupt flag\n# Test 2b82: Create NETEM with distribution and duplicate flag\n# Test a932: Create NETEM with distribution and loss flag\n# Test e01a: Create NETEM with distribution and loss state flag\n# Test ba29: Create NETEM with loss gemodel flag\n# Test 0492: Create NETEM with reorder flag\n# Test 7862: Create NETEM with rate limit\n# Test 7235: Create NETEM with multiple slot rate\n# Test 5439: Create NETEM with multiple slot setting\n# Test 5029: Change NETEM with loss state\n# Test 3785: Replace NETEM with delay time\n# Test 4502: Delete NETEM with handle\n# Test 0785: Show NETEM class\n# Test 983b: Create FQ with default setting\n# Test 38a1: Create FQ with limit packet setting\n# Test 0a18: Create FQ with flow_limit setting\n# Test 2390: Create FQ with quantum setting\n# Test 845b: Create FQ with initial_quantum setting\n# Test 10f7: Create FQ with invalid initial_quantum setting\n# Test 9398: Create FQ with maxrate setting\n# Test 342c: Create FQ with nopacing setting\n# Test 6391: Create FQ with refill_delay setting\n# Test 238b: Create FQ with low_rate_threshold setting\n# Test 7582: Create FQ with orphan_mask setting\n# Test 4894: Create FQ with timer_slack setting\n# Test 324c: Create FQ with ce_threshold setting\n# Test 424a: Create FQ with horizon time setting\n# Test 89e1: Create FQ with horizon_cap setting\n# Test 32e1: Delete FQ with valid handle\n# Test d091: Fail to create RED with only nodrop flag\n# Test af8e: Create RED with flags ECN, nodrop, harddrop\n# Test 290a: Show RED class\n# Test 4957: Create FQ_CODEL with default setting\n# Test 7621: Create FQ_CODEL with limit setting\n# Test 6871: Create FQ_CODEL with memory_limit setting\n# Test 5636: Create FQ_CODEL with target setting\n# Test 630a: Create FQ_CODEL with interval setting\n# Test 4324: Create FQ_CODEL with quantum setting\n# Test b190: Create FQ_CODEL with noecn flag\n# Test 5381: Create FQ_CODEL with ce_threshold setting\n# Test c9d2: Create FQ_CODEL with drop_batch setting\n# Test 523b: Create FQ_CODEL with multiple setting\n# Test 9283: Replace FQ_CODEL with noecn setting\n# Test 3459: Change FQ_CODEL with limit setting\n# Test 0128: Delete FQ_CODEL with handle\n# Test 0435: Show FQ_CODEL class\n# Test 1212: Create CAKE with default setting\n# Test 3281: Create CAKE with bandwidth limit\n# Test c940: Create CAKE with autorate-ingress flag\n# Test 2310: Create CAKE with rtt time\n# Test 2385: Create CAKE with besteffort flag\n# Test a032: Create CAKE with diffserv8 flag\n# Test 2349: Create CAKE with diffserv4 flag\n# Test 8472: Create CAKE with flowblind flag\n# Test 2341: Create CAKE with dsthost and nat flag\n# exit: 2\n# exit: 0\n# Error: No conntrack support in kernel.\n# \n# returncode 2; expected [0]\n# "-----> teardown stage" did not complete successfully\n# Exception <class \'__main__.PluginMgrTestFail\'> (\'teardown\', \'Error: No conntrack support in kernel.\\n\', \'"-----> teardown stage" did not complete successfully\') (caught in test_runner, running test 27 2341 Create CAKE with dsthost and nat flag stage teardown)\n# ---------------\n# traceback\n# ---------------\n# accumulated output for this test:\n# Error: No conntrack support in kernel.\n# \n# ---------------\n# Test ddfa: QFQ with small MTU\n# exception (34, \'Result not representable\') in call to pre_case for <class \'plugin-lib.nsPlugin.SubPlugin\'> plugin\n# Test 38aa: Create CODEL with limit packet setting\n# exception (34, \'Result not representable\') in call to pre_case for <class \'plugin-lib.nsPlugin.SubPlugin\'> plugin\n# Test 8492: Create HTB with r2q setting\n# exception (34, \'Result not representable\') in call to pre_case for <class \'plugin-lib.nsPlugin.SubPlugin\'> plugin\n# Test 30a9: Create SFB with increment setting\n# exception (34, \'Result not representable\') in call to pre_case for <class \'plugin-lib.nsPlugin.SubPlugin\'> plugin\n# multiprocessing.pool.RemoteTraceback: \n# """\n# Traceback (most recent call last):\n#   File "/nipa-data/kernel/tools/testing/selftests/tc-testing/./tdc.py", line 142, in call_pre_case\n#     pgn_inst.pre_case(caseinfo, test_skip)\n#   File "/nipa-data/kernel/tools/testing/selftests/tc-testing/plugin-lib/nsPlugin.py", line 63, in pre_case\n#     self.prepare_test(test)\n#   File "/nipa-data/kernel/tools/testing/selftests/tc-testing/plugin-lib/nsPlugin.py", line 36, in prepare_test\n#     self._nl_ns_create()\n#   File "/nipa-data/kernel/tools/testing/selftests/tc-testing/plugin-lib/nsPlugin.py", line 130, in _nl_ns_create\n#     ip.link(\'add\', ifname=dev1, kind=\'veth\', peer={\'ifname\': dev0, \'net_ns_fd\':\'/proc/1/ns/net\'})\n#   File "/usr/lib/python3.11/site-packages/pyroute2/iproute/linux.py", line 1672, in link\n#     ret = self.nlm_request(msg, msg_type=msg_type, msg_flags=msg_flags)\n#           ^^^^^^^^^^^^^^^^^^^^^^^^^^^^^^^^^^^^^^^^^^^^^^^^^^^^^^^^^^^^^\n#   File "/usr/lib/python3.11/site-packages/pyroute2/netlink/nlsocket.py", line 870, in nlm_request\n#     return tuple(self._genlm_request(*argv, **kwarg))\n#            ^^^^^^^^^^^^^^^^^^^^^^^^^^^^^^^^^^^^^^^^^^\n#   File "/usr/lib/python3.11/site-packages/pyroute2/netlink/nlsocket.py", line 1214, in nlm_request\n#     for msg in self.get(\n#                ^^^^^^^^^\n#   File "/usr/lib/python3.11/site-packages/pyroute2/netlink/nlsocket.py", line 873, in get\n#     return tuple(self._genlm_get(*argv, **kwarg))\n#            ^^^^^^^^^^^^^^^^^^^^^^^^^^^^^^^^^^^^^^\n#   File "/usr/lib/python3.11/site-packages/pyroute2/netlink/nlsocket.py", line 550, in get\n#     raise msg[\'header\'][\'error\']\n# pyroute2.netlink.exceptions.NetlinkError: (34, \'Result not representable\')\n# \n# During handling of the above exception, another exception occurred:\n# \n# Traceback (most recent call last):\n#   File "/usr/lib/python3.11/multiprocessing/pool.py", line 125, in worker\n#     result = (True, func(*args, **kwds))\n#                     ^^^^^^^^^^^^^^^^^^^\n#   File "/usr/lib/python3.11/multiprocessing/pool.py", line 48, in mapstar\n#     return list(map(*args))\n#            ^^^^^^^^^^^^^^^^\n#   File "/nipa-data/kernel/tools/testing/selftests/tc-testing/./tdc.py", line 602, in __mp_runner\n#     (_, tsr) = test_runner(mp_pm, mp_args, tests)\n#                ^^^^^^^^^^^^^^^^^^^^^^^^^^^^^^^^^^\n#   File "/nipa-data/kernel/tools/testing/selftests/tc-testing/./tdc.py", line 536, in test_runner\n#     res = run_one_test(pm, args, index, tidx)\n#           ^^^^^^^^^^^^^^^^^^^^^^^^^^^^^^^^^^^\n#   File "/nipa-data/kernel/tools/testing/selftests/tc-testing/./tdc.py", line 419, in run_one_test\n#     pm.call_pre_case(tidx)\n#   File "/nipa-data/kernel/tools/testing/selftests/tc-testing/./tdc.py", line 146, in call_pre_case\n#     print(\'test_ordinal is {}\'.format(test_ordinal))\n#                                       ^^^^^^^^^^^^\n# NameError: name \'test_ordinal\' is not defined\n# """\n# \n# The above exception was the direct cause of the following exception:\n# \n# Traceback (most recent call last):\n#   File "/nipa-data/kernel/tools/testing/selftests/tc-testing/./tdc.py", line 1028, in <module>\n#     main()\n#   File "/nipa-data/kernel/tools/testing/selftests/tc-testing/./tdc.py", line 1022, in main\n#     set_operation_mode(pm, parser, args, remaining)\n#   File "/nipa-data/kernel/tools/testing/selftests/tc-testing/./tdc.py", line 964, in set_operation_mode\n#     catresults = test_runner_mp(pm, args, alltests)\n#                  ^^^^^^^^^^^^^^^^^^^^^^^^^^^^^^^^^^\n#   File "/nipa-data/kernel/tools/testing/selftests/tc-testing/./tdc.py", line 624, in test_runner_mp\n#     pres = p.map(__mp_runner, batches)\n#            ^^^^^^^^^^^^^^^^^^^^^^^^^^^\n#   File "/usr/lib/python3.11/multiprocessing/pool.py", line 367, in map\n#     return self._map_async(func, iterable, mapstar, chunksize).get()\n#            ^^^^^^^^^^^^^^^^^^^^^^^^^^^^^^^^^^^^^^^^^^^^^^^^^^^^^^^^^\n#   File "/usr/lib/python3.11/multiprocessing/pool.py", line 774, in get\n#     raise self._value\n# NameError: name \'test_ordinal\' is not defined\nnot ok 1 selftests: tc-testing: tdc.sh # exit=1', 'name': 'tdc.sh', 'result': 'fail', 'comment': 'exit=1'}]